{
  "stats": {
    "suites": 1,
    "tests": 2,
    "passes": 2,
    "pending": 0,
    "failures": 0,
    "start": "2022-04-14T08:24:00.439Z",
    "end": "2022-04-14T08:24:21.194Z",
    "duration": 20755,
    "testsRegistered": 2,
    "passPercent": 100,
    "pendingPercent": 0,
    "other": 0,
    "hasOther": false,
    "skipped": 0,
    "hasSkipped": false
  },
  "results": [
    {
      "uuid": "eef0e558-f601-4c83-9b10-346deb2b2346",
      "title": "",
      "fullFile": "cypress/integration/TodoListScenarios.feature",
      "file": "cypress/integration/TodoListScenarios.feature",
      "beforeHooks": [],
      "afterHooks": [],
      "tests": [],
      "suites": [
        {
          "uuid": "7878cad7-7764-407c-8a54-137645bbac35",
          "title": "Verify the Todo List functionality on the application",
          "fullFile": "",
          "file": "",
          "beforeHooks": [],
          "afterHooks": [],
          "tests": [
            {
              "title": "Verify list of Todos is ordered by Due date ascending",
              "fullTitle": "Verify the Todo List functionality on the application Verify list of Todos is ordered by Due date ascending",
              "timedOut": null,
              "duration": 9806,
              "state": "passed",
              "speed": "medium",
              "pass": true,
              "fail": false,
              "pending": false,
              "context": null,
              "code": "const state = window.testState;\nreturn cy\n  .then(() => state.onStartScenario(scenario, indexedSteps))\n  .then(() =>\n    resolveAndRunBeforeHooks.call(this, scenario.tags, state.feature.name)\n  )\n  .then(() =>\n    indexedSteps.forEach((step) =>\n      stepTest.call(this, state, step, rowData)\n    )\n  )\n  .then(() => state.onFinishScenario(scenario));",
              "err": {},
              "uuid": "6ba719d8-bc6e-4fbf-972d-4c2c2007f734",
              "parentUUID": "7878cad7-7764-407c-8a54-137645bbac35",
              "isHook": false,
              "skipped": false
            },
            {
              "title": "Verify list of Todos is ordered alphabetically by content values when Due dates are same",
              "fullTitle": "Verify the Todo List functionality on the application Verify list of Todos is ordered alphabetically by content values when Due dates are same",
              "timedOut": null,
              "duration": 8877,
              "state": "passed",
              "speed": "medium",
              "pass": true,
              "fail": false,
              "pending": false,
              "context": null,
              "code": "const state = window.testState;\nreturn cy\n  .then(() => state.onStartScenario(scenario, indexedSteps))\n  .then(() =>\n    resolveAndRunBeforeHooks.call(this, scenario.tags, state.feature.name)\n  )\n  .then(() =>\n    indexedSteps.forEach((step) =>\n      stepTest.call(this, state, step, rowData)\n    )\n  )\n  .then(() => state.onFinishScenario(scenario));",
              "err": {},
              "uuid": "5f7b6463-ca38-4352-bd61-165aef139620",
              "parentUUID": "7878cad7-7764-407c-8a54-137645bbac35",
              "isHook": false,
              "skipped": false
            }
          ],
          "suites": [],
          "passes": [
            "6ba719d8-bc6e-4fbf-972d-4c2c2007f734",
            "5f7b6463-ca38-4352-bd61-165aef139620"
          ],
          "failures": [],
          "pending": [],
          "skipped": [],
          "duration": 18683,
          "root": false,
          "rootEmpty": false,
          "_timeout": 2000
        }
      ],
      "passes": [],
      "failures": [],
      "pending": [],
      "skipped": [],
      "duration": 0,
      "root": true,
      "rootEmpty": true,
      "_timeout": 2000
    }
  ],
  "meta": {
    "mocha": {
      "version": "7.0.1"
    },
    "mochawesome": {
      "options": {
        "quiet": false,
        "reportFilename": "mochawesome",
        "saveHtml": false,
        "saveJson": true,
        "consoleReporter": "spec",
        "useInlineDiffs": false,
        "code": true
      },
      "version": "6.2.2"
    },
    "marge": {
      "options": {
        "id": "default",
        "reportDir": "cypress/reports/mocha",
        "quite": true,
        "overwrite": false,
        "html": false,
        "json": true
      },
      "version": "5.2.0"
    }
  }
}