{
  "stats": {
    "suites": 1,
    "tests": 1,
    "passes": 0,
    "pending": 0,
    "failures": 1,
    "start": "2022-04-14T08:21:58.696Z",
    "end": "2022-04-14T08:22:14.087Z",
    "duration": 15391,
    "testsRegistered": 1,
    "passPercent": 0,
    "pendingPercent": 0,
    "other": 0,
    "hasOther": false,
    "skipped": 0,
    "hasSkipped": false
  },
  "results": [
    {
      "uuid": "d75fcaf4-d80c-4c63-8c9e-4220a872bf9d",
      "title": "",
      "fullFile": "cypress/integration/ArchiveTodo.feature",
      "file": "cypress/integration/ArchiveTodo.feature",
      "beforeHooks": [],
      "afterHooks": [],
      "tests": [],
      "suites": [
        {
          "uuid": "6f39de2a-2478-4f42-8dac-ea3999a20e1d",
          "title": "Verify the Archive functionality on the application",
          "fullFile": "",
          "file": "",
          "beforeHooks": [],
          "afterHooks": [],
          "tests": [
            {
              "title": "Verify Todo item is removed from the list when Archive button is clicked",
              "fullTitle": "Verify the Archive functionality on the application Verify Todo item is removed from the list when Archive button is clicked",
              "timedOut": null,
              "duration": 10694,
              "state": "failed",
              "speed": null,
              "pass": false,
              "fail": true,
              "pending": false,
              "context": null,
              "code": "const state = window.testState;\nreturn cy\n  .then(() => state.onStartScenario(scenario, indexedSteps))\n  .then(() =>\n    resolveAndRunBeforeHooks.call(this, scenario.tags, state.feature.name)\n  )\n  .then(() =>\n    indexedSteps.forEach((step) =>\n      stepTest.call(this, state, step, rowData)\n    )\n  )\n  .then(() => state.onFinishScenario(scenario));",
              "err": {
                "message": "AssertionError: expected ' B_Todo_Item ' to equal 'C_Todo_Item'",
                "estack": "AssertionError: expected ' B_Todo_Item ' to equal 'C_Todo_Item'\n    at Context.eval (http://nbs-todolist-interview-389909.s3-website.eu-west-2.amazonaws.com/__cypress/tests?p=cypress/integration/ArchiveTodo.feature:59:25)",
                "diff": "- ' B_Todo_Item '\n+ 'C_Todo_Item'\n"
              },
              "uuid": "4010c7f4-7cbe-4975-bafa-a73cc32d975d",
              "parentUUID": "6f39de2a-2478-4f42-8dac-ea3999a20e1d",
              "isHook": false,
              "skipped": false
            }
          ],
          "suites": [],
          "passes": [],
          "failures": [
            "4010c7f4-7cbe-4975-bafa-a73cc32d975d"
          ],
          "pending": [],
          "skipped": [],
          "duration": 10694,
          "root": false,
          "rootEmpty": false,
          "_timeout": 2000
        }
      ],
      "passes": [],
      "failures": [],
      "pending": [],
      "skipped": [],
      "duration": 0,
      "root": true,
      "rootEmpty": true,
      "_timeout": 2000
    }
  ],
  "meta": {
    "mocha": {
      "version": "7.0.1"
    },
    "mochawesome": {
      "options": {
        "quiet": false,
        "reportFilename": "mochawesome",
        "saveHtml": false,
        "saveJson": true,
        "consoleReporter": "spec",
        "useInlineDiffs": false,
        "code": true
      },
      "version": "6.2.2"
    },
    "marge": {
      "options": {
        "id": "default",
        "reportDir": "cypress/reports/mocha",
        "quite": true,
        "overwrite": false,
        "html": false,
        "json": true
      },
      "version": "5.2.0"
    }
  }
}