{
  "stats": {
    "suites": 1,
    "tests": 3,
    "passes": 3,
    "pending": 0,
    "failures": 0,
    "start": "2022-04-13T20:16:14.916Z",
    "end": "2022-04-13T20:16:47.193Z",
    "duration": 32277,
    "testsRegistered": 3,
    "passPercent": 100,
    "pendingPercent": 0,
    "other": 0,
    "hasOther": false,
    "skipped": 0,
    "hasSkipped": false
  },
  "results": [
    {
      "uuid": "000dc8fd-126a-4ec1-8b59-df7ed12f3719",
      "title": "",
      "fullFile": "cypress/integration/DeleteTodo.feature",
      "file": "cypress/integration/DeleteTodo.feature",
      "beforeHooks": [],
      "afterHooks": [],
      "tests": [],
      "suites": [
        {
          "uuid": "b0bdc830-dffe-4314-a93a-ca8f534314b2",
          "title": "Verify the Delete functionality on the application",
          "fullFile": "",
          "file": "",
          "beforeHooks": [],
          "afterHooks": [],
          "tests": [
            {
              "title": "Verify Todo item is deleted from the list when Delete button is clicked",
              "fullTitle": "Verify the Delete functionality on the application Verify Todo item is deleted from the list when Delete button is clicked",
              "timedOut": null,
              "duration": 9993,
              "state": "passed",
              "speed": "medium",
              "pass": true,
              "fail": false,
              "pending": false,
              "context": null,
              "code": "const state = window.testState;\nreturn cy\n  .then(() => state.onStartScenario(scenario, indexedSteps))\n  .then(() =>\n    resolveAndRunBeforeHooks.call(this, scenario.tags, state.feature.name)\n  )\n  .then(() =>\n    indexedSteps.forEach((step) =>\n      stepTest.call(this, state, step, rowData)\n    )\n  )\n  .then(() => state.onFinishScenario(scenario));",
              "err": {},
              "uuid": "d4036bce-afd6-4b88-b665-c8150d654c15",
              "parentUUID": "b0bdc830-dffe-4314-a93a-ca8f534314b2",
              "isHook": false,
              "skipped": false
            },
            {
              "title": "Verify Todo item is removed from the persisted memory after delete action",
              "fullTitle": "Verify the Delete functionality on the application Verify Todo item is removed from the persisted memory after delete action",
              "timedOut": null,
              "duration": 10067,
              "state": "passed",
              "speed": "slow",
              "pass": true,
              "fail": false,
              "pending": false,
              "context": null,
              "code": "const state = window.testState;\nreturn cy\n  .then(() => state.onStartScenario(scenario, indexedSteps))\n  .then(() =>\n    resolveAndRunBeforeHooks.call(this, scenario.tags, state.feature.name)\n  )\n  .then(() =>\n    indexedSteps.forEach((step) =>\n      stepTest.call(this, state, step, rowData)\n    )\n  )\n  .then(() => state.onFinishScenario(scenario));",
              "err": {},
              "uuid": "69f0381a-e158-438d-a331-4c5e0ea25c6b",
              "parentUUID": "b0bdc830-dffe-4314-a93a-ca8f534314b2",
              "isHook": false,
              "skipped": false
            },
            {
              "title": "Verify Todo item is removed from the persisted memory after delete action",
              "fullTitle": "Verify the Delete functionality on the application Verify Todo item is removed from the persisted memory after delete action",
              "timedOut": null,
              "duration": 9490,
              "state": "passed",
              "speed": "medium",
              "pass": true,
              "fail": false,
              "pending": false,
              "context": null,
              "code": "const state = window.testState;\nreturn cy\n  .then(() => state.onStartScenario(scenario, indexedSteps))\n  .then(() =>\n    resolveAndRunBeforeHooks.call(this, scenario.tags, state.feature.name)\n  )\n  .then(() =>\n    indexedSteps.forEach((step) =>\n      stepTest.call(this, state, step, rowData)\n    )\n  )\n  .then(() => state.onFinishScenario(scenario));",
              "err": {},
              "uuid": "73e0e600-fc3f-46ce-88b2-a4059145efa7",
              "parentUUID": "b0bdc830-dffe-4314-a93a-ca8f534314b2",
              "isHook": false,
              "skipped": false
            }
          ],
          "suites": [],
          "passes": [
            "d4036bce-afd6-4b88-b665-c8150d654c15",
            "69f0381a-e158-438d-a331-4c5e0ea25c6b",
            "73e0e600-fc3f-46ce-88b2-a4059145efa7"
          ],
          "failures": [],
          "pending": [],
          "skipped": [],
          "duration": 29550,
          "root": false,
          "rootEmpty": false,
          "_timeout": 2000
        }
      ],
      "passes": [],
      "failures": [],
      "pending": [],
      "skipped": [],
      "duration": 0,
      "root": true,
      "rootEmpty": true,
      "_timeout": 2000
    }
  ],
  "meta": {
    "mocha": {
      "version": "7.0.1"
    },
    "mochawesome": {
      "options": {
        "quiet": false,
        "reportFilename": "mochawesome",
        "saveHtml": false,
        "saveJson": true,
        "consoleReporter": "spec",
        "useInlineDiffs": false,
        "code": true
      },
      "version": "6.2.2"
    },
    "marge": {
      "options": {
        "id": "default",
        "reportDir": "cypress/reports/mocha",
        "quite": true,
        "overwrite": false,
        "html": false,
        "json": true
      },
      "version": "5.2.0"
    }
  }
}