{
  "stats": {
    "suites": 1,
    "tests": 10,
    "passes": 6,
    "pending": 0,
    "failures": 4,
    "start": "2022-04-14T08:22:22.146Z",
    "end": "2022-04-14T08:23:10.069Z",
    "duration": 47923,
    "testsRegistered": 10,
    "passPercent": 60,
    "pendingPercent": 0,
    "other": 0,
    "hasOther": false,
    "skipped": 0,
    "hasSkipped": false
  },
  "results": [
    {
      "uuid": "ee5e5392-d209-4e46-b69e-f2c9824ff2da",
      "title": "",
      "fullFile": "cypress/integration/CreateTodo.feature",
      "file": "cypress/integration/CreateTodo.feature",
      "beforeHooks": [],
      "afterHooks": [],
      "tests": [],
      "suites": [
        {
          "uuid": "2d493931-7086-4dd8-bac0-9fdf276f9716",
          "title": "Verify the Create Todo functionality",
          "fullFile": "",
          "file": "",
          "beforeHooks": [],
          "afterHooks": [],
          "tests": [
            {
              "title": "Verify user is not allowed to create a Todo when Content field is epmty",
              "fullTitle": "Verify the Create Todo functionality Verify user is not allowed to create a Todo when Content field is epmty",
              "timedOut": null,
              "duration": 1102,
              "state": "passed",
              "speed": "fast",
              "pass": true,
              "fail": false,
              "pending": false,
              "context": null,
              "code": "const state = window.testState;\nreturn cy\n  .then(() => state.onStartScenario(scenario, indexedSteps))\n  .then(() =>\n    resolveAndRunBeforeHooks.call(this, scenario.tags, state.feature.name)\n  )\n  .then(() =>\n    indexedSteps.forEach((step) =>\n      stepTest.call(this, state, step, rowData)\n    )\n  )\n  .then(() => state.onFinishScenario(scenario));",
              "err": {},
              "uuid": "91e4ed45-9d3f-42ae-a7f0-7abe638ab239",
              "parentUUID": "2d493931-7086-4dd8-bac0-9fdf276f9716",
              "isHook": false,
              "skipped": false
            },
            {
              "title": "Verify that user is allowed to create a Todo when Content field has a single character",
              "fullTitle": "Verify the Create Todo functionality Verify that user is allowed to create a Todo when Content field has a single character",
              "timedOut": null,
              "duration": 3038,
              "state": "passed",
              "speed": "fast",
              "pass": true,
              "fail": false,
              "pending": false,
              "context": null,
              "code": "const state = window.testState;\nreturn cy\n  .then(() => state.onStartScenario(scenario, indexedSteps))\n  .then(() =>\n    resolveAndRunBeforeHooks.call(this, scenario.tags, state.feature.name)\n  )\n  .then(() =>\n    indexedSteps.forEach((step) =>\n      stepTest.call(this, state, step, rowData)\n    )\n  )\n  .then(() => state.onFinishScenario(scenario));",
              "err": {},
              "uuid": "9a9bad29-f4ef-45cd-b873-3943ad79d577",
              "parentUUID": "2d493931-7086-4dd8-bac0-9fdf276f9716",
              "isHook": false,
              "skipped": false
            },
            {
              "title": "Verify that the user is allowed to create a Todo when Content field has a valid value",
              "fullTitle": "Verify the Create Todo functionality Verify that the user is allowed to create a Todo when Content field has a valid value",
              "timedOut": null,
              "duration": 3095,
              "state": "passed",
              "speed": "fast",
              "pass": true,
              "fail": false,
              "pending": false,
              "context": null,
              "code": "const state = window.testState;\nreturn cy\n  .then(() => state.onStartScenario(scenario, indexedSteps))\n  .then(() =>\n    resolveAndRunBeforeHooks.call(this, scenario.tags, state.feature.name)\n  )\n  .then(() =>\n    indexedSteps.forEach((step) =>\n      stepTest.call(this, state, step, rowData)\n    )\n  )\n  .then(() => state.onFinishScenario(scenario));",
              "err": {},
              "uuid": "d291c8a1-d8cf-447c-9a63-9cf865842904",
              "parentUUID": "2d493931-7086-4dd8-bac0-9fdf276f9716",
              "isHook": false,
              "skipped": false
            },
            {
              "title": "Verify that the user is allowed to create a Todo when Content field has 100 character",
              "fullTitle": "Verify the Create Todo functionality Verify that the user is allowed to create a Todo when Content field has 100 character",
              "timedOut": null,
              "duration": 4296,
              "state": "passed",
              "speed": "fast",
              "pass": true,
              "fail": false,
              "pending": false,
              "context": null,
              "code": "const state = window.testState;\nreturn cy\n  .then(() => state.onStartScenario(scenario, indexedSteps))\n  .then(() =>\n    resolveAndRunBeforeHooks.call(this, scenario.tags, state.feature.name)\n  )\n  .then(() =>\n    indexedSteps.forEach((step) =>\n      stepTest.call(this, state, step, rowData)\n    )\n  )\n  .then(() => state.onFinishScenario(scenario));",
              "err": {},
              "uuid": "aaf66ec1-bd1f-4448-91b2-3a025ba4f425",
              "parentUUID": "2d493931-7086-4dd8-bac0-9fdf276f9716",
              "isHook": false,
              "skipped": false
            },
            {
              "title": "Verify that the user is not allowed to create a Todo when Content field has more than 100 character",
              "fullTitle": "Verify the Create Todo functionality Verify that the user is not allowed to create a Todo when Content field has more than 100 character",
              "timedOut": null,
              "duration": 8400,
              "state": "failed",
              "speed": null,
              "pass": false,
              "fail": true,
              "pending": false,
              "context": null,
              "code": "const state = window.testState;\nreturn cy\n  .then(() => state.onStartScenario(scenario, indexedSteps))\n  .then(() =>\n    resolveAndRunBeforeHooks.call(this, scenario.tags, state.feature.name)\n  )\n  .then(() =>\n    indexedSteps.forEach((step) =>\n      stepTest.call(this, state, step, rowData)\n    )\n  )\n  .then(() => state.onFinishScenario(scenario));",
              "err": {
                "message": "AssertionError: Timed out retrying after 4000ms: expected '<tbody>' to have text '', but the text was ' Todo_Item_11234567890!@£$%^&*()_+p~12[]:; 0<>,./Aqwertyuioplk1234567890!@£$%^&*()_+ ~12[]:;k,<>,./Aoinbg  Apr 14, 2022  Jul 11, 2022  more_vert'",
                "estack": "AssertionError: Timed out retrying after 4000ms: expected '<tbody>' to have text '', but the text was ' Todo_Item_11234567890!@£$%^&*()_+p~12[]:; 0<>,./Aqwertyuioplk1234567890!@£$%^&*()_+ ~12[]:;k,<>,./Aoinbg  Apr 14, 2022  Jul 11, 2022  more_vert'\n    at Context.eval (http://nbs-todolist-interview-389909.s3-website.eu-west-2.amazonaws.com/__cypress/tests?p=cypress/integration/CreateTodo.feature:73:76)\n    at Context.resolveAndRunStepDefinition (http://nbs-todolist-interview-389909.s3-website.eu-west-2.amazonaws.com/__cypress/tests?p=cypress/integration/CreateTodo.feature:10794:29)\n    at Context.eval (http://nbs-todolist-interview-389909.s3-website.eu-west-2.amazonaws.com/__cypress/tests?p=cypress/integration/CreateTodo.feature:10115:35)",
                "diff": "- ' Todo_Item_11234567890!@£$%^&*()_+p~12[]:; 0<>,./Aqwertyuioplk1234567890!@£$%^&*()_+ ~12[]:;k,<>,./Aoinbg  Apr 14, 2022  Jul 11, 2022  more_vert'\n"
              },
              "uuid": "a5b220d6-be77-43e9-ae65-8c966408e32e",
              "parentUUID": "2d493931-7086-4dd8-bac0-9fdf276f9716",
              "isHook": false,
              "skipped": false
            },
            {
              "title": "Verify user is not allowed to create a Todo when Date field is epmty",
              "fullTitle": "Verify the Create Todo functionality Verify user is not allowed to create a Todo when Date field is epmty",
              "timedOut": null,
              "duration": 6842,
              "state": "failed",
              "speed": null,
              "pass": false,
              "fail": true,
              "pending": false,
              "context": null,
              "code": "const state = window.testState;\nreturn cy\n  .then(() => state.onStartScenario(scenario, indexedSteps))\n  .then(() =>\n    resolveAndRunBeforeHooks.call(this, scenario.tags, state.feature.name)\n  )\n  .then(() =>\n    indexedSteps.forEach((step) =>\n      stepTest.call(this, state, step, rowData)\n    )\n  )\n  .then(() => state.onFinishScenario(scenario));",
              "err": {
                "message": "AssertionError: Timed out retrying after 4000ms: expected '<tbody>' to have text '', but the text was ' Todo_Item_1  Apr 14, 2022  Apr 14, 2022  more_vert'",
                "estack": "AssertionError: Timed out retrying after 4000ms: expected '<tbody>' to have text '', but the text was ' Todo_Item_1  Apr 14, 2022  Apr 14, 2022  more_vert'\n    at Context.eval (http://nbs-todolist-interview-389909.s3-website.eu-west-2.amazonaws.com/__cypress/tests?p=cypress/integration/CreateTodo.feature:73:76)\n    at Context.resolveAndRunStepDefinition (http://nbs-todolist-interview-389909.s3-website.eu-west-2.amazonaws.com/__cypress/tests?p=cypress/integration/CreateTodo.feature:10794:29)\n    at Context.eval (http://nbs-todolist-interview-389909.s3-website.eu-west-2.amazonaws.com/__cypress/tests?p=cypress/integration/CreateTodo.feature:10115:35)",
                "diff": "- ' Todo_Item_1  Apr 14, 2022  Apr 14, 2022  more_vert'\n"
              },
              "uuid": "6e29878a-cea6-45b6-8939-44ba0d4834e0",
              "parentUUID": "2d493931-7086-4dd8-bac0-9fdf276f9716",
              "isHook": false,
              "skipped": false
            },
            {
              "title": "Verify user is not allowed to create a Todo with Past date",
              "fullTitle": "Verify the Create Todo functionality Verify user is not allowed to create a Todo with Past date",
              "timedOut": null,
              "duration": 7210,
              "state": "failed",
              "speed": null,
              "pass": false,
              "fail": true,
              "pending": false,
              "context": null,
              "code": "const state = window.testState;\nreturn cy\n  .then(() => state.onStartScenario(scenario, indexedSteps))\n  .then(() =>\n    resolveAndRunBeforeHooks.call(this, scenario.tags, state.feature.name)\n  )\n  .then(() =>\n    indexedSteps.forEach((step) =>\n      stepTest.call(this, state, step, rowData)\n    )\n  )\n  .then(() => state.onFinishScenario(scenario));",
              "err": {
                "message": "AssertionError: Timed out retrying after 4000ms: expected '<tbody>' to have text '', but the text was ' Todo_Item_1  Apr 14, 2022  Apr 13, 2022  more_vert'",
                "estack": "AssertionError: Timed out retrying after 4000ms: expected '<tbody>' to have text '', but the text was ' Todo_Item_1  Apr 14, 2022  Apr 13, 2022  more_vert'\n    at Context.eval (http://nbs-todolist-interview-389909.s3-website.eu-west-2.amazonaws.com/__cypress/tests?p=cypress/integration/CreateTodo.feature:73:76)\n    at Context.resolveAndRunStepDefinition (http://nbs-todolist-interview-389909.s3-website.eu-west-2.amazonaws.com/__cypress/tests?p=cypress/integration/CreateTodo.feature:10794:29)\n    at Context.eval (http://nbs-todolist-interview-389909.s3-website.eu-west-2.amazonaws.com/__cypress/tests?p=cypress/integration/CreateTodo.feature:10115:35)",
                "diff": "- ' Todo_Item_1  Apr 14, 2022  Apr 13, 2022  more_vert'\n"
              },
              "uuid": "62572b80-0af2-4ada-937e-e61e1cf2d0c1",
              "parentUUID": "2d493931-7086-4dd8-bac0-9fdf276f9716",
              "isHook": false,
              "skipped": false
            },
            {
              "title": "Verify user is  allowed to create a Todo with future date",
              "fullTitle": "Verify the Create Todo functionality Verify user is  allowed to create a Todo with future date",
              "timedOut": null,
              "duration": 7274,
              "state": "failed",
              "speed": null,
              "pass": false,
              "fail": true,
              "pending": false,
              "context": null,
              "code": "const state = window.testState;\nreturn cy\n  .then(() => state.onStartScenario(scenario, indexedSteps))\n  .then(() =>\n    resolveAndRunBeforeHooks.call(this, scenario.tags, state.feature.name)\n  )\n  .then(() =>\n    indexedSteps.forEach((step) =>\n      stepTest.call(this, state, step, rowData)\n    )\n  )\n  .then(() => state.onFinishScenario(scenario));",
              "err": {
                "message": "AssertionError: Timed out retrying after 4000ms: Expected to find content: 'Todo_Item_1' within the element: <tbody> but never did.",
                "estack": "AssertionError: Timed out retrying after 4000ms: Expected to find content: 'Todo_Item_1' within the element: <tbody> but never did.\n    at Context.eval (http://nbs-todolist-interview-389909.s3-website.eu-west-2.amazonaws.com/__cypress/tests?p=cypress/integration/CreateTodo.feature:79:76)\n    at Context.resolveAndRunStepDefinition (http://nbs-todolist-interview-389909.s3-website.eu-west-2.amazonaws.com/__cypress/tests?p=cypress/integration/CreateTodo.feature:10794:29)\n    at Context.eval (http://nbs-todolist-interview-389909.s3-website.eu-west-2.amazonaws.com/__cypress/tests?p=cypress/integration/CreateTodo.feature:10115:35)",
                "diff": null
              },
              "uuid": "f34fd75a-3ec4-4ed7-b722-59e51290c452",
              "parentUUID": "2d493931-7086-4dd8-bac0-9fdf276f9716",
              "isHook": false,
              "skipped": false
            },
            {
              "title": "Verify user is not allowed to create a Todo with inavlid date value",
              "fullTitle": "Verify the Create Todo functionality Verify user is not allowed to create a Todo with inavlid date value",
              "timedOut": null,
              "duration": 3075,
              "state": "passed",
              "speed": "fast",
              "pass": true,
              "fail": false,
              "pending": false,
              "context": null,
              "code": "const state = window.testState;\nreturn cy\n  .then(() => state.onStartScenario(scenario, indexedSteps))\n  .then(() =>\n    resolveAndRunBeforeHooks.call(this, scenario.tags, state.feature.name)\n  )\n  .then(() =>\n    indexedSteps.forEach((step) =>\n      stepTest.call(this, state, step, rowData)\n    )\n  )\n  .then(() => state.onFinishScenario(scenario));",
              "err": {},
              "uuid": "c02c8bd1-6aaf-47b7-982d-25a7a871c2c9",
              "parentUUID": "2d493931-7086-4dd8-bac0-9fdf276f9716",
              "isHook": false,
              "skipped": false
            },
            {
              "title": "Verify Create Todo button is not avtive when the the form is invalid",
              "fullTitle": "Verify the Create Todo functionality Verify Create Todo button is not avtive when the the form is invalid",
              "timedOut": null,
              "duration": 955,
              "state": "passed",
              "speed": "fast",
              "pass": true,
              "fail": false,
              "pending": false,
              "context": null,
              "code": "const state = window.testState;\nreturn cy\n  .then(() => state.onStartScenario(scenario, indexedSteps))\n  .then(() =>\n    resolveAndRunBeforeHooks.call(this, scenario.tags, state.feature.name)\n  )\n  .then(() =>\n    indexedSteps.forEach((step) =>\n      stepTest.call(this, state, step, rowData)\n    )\n  )\n  .then(() => state.onFinishScenario(scenario));",
              "err": {},
              "uuid": "65dd3066-c4bc-41ad-9aa5-feebef06dac7",
              "parentUUID": "2d493931-7086-4dd8-bac0-9fdf276f9716",
              "isHook": false,
              "skipped": false
            }
          ],
          "suites": [],
          "passes": [
            "91e4ed45-9d3f-42ae-a7f0-7abe638ab239",
            "9a9bad29-f4ef-45cd-b873-3943ad79d577",
            "d291c8a1-d8cf-447c-9a63-9cf865842904",
            "aaf66ec1-bd1f-4448-91b2-3a025ba4f425",
            "c02c8bd1-6aaf-47b7-982d-25a7a871c2c9",
            "65dd3066-c4bc-41ad-9aa5-feebef06dac7"
          ],
          "failures": [
            "a5b220d6-be77-43e9-ae65-8c966408e32e",
            "6e29878a-cea6-45b6-8939-44ba0d4834e0",
            "62572b80-0af2-4ada-937e-e61e1cf2d0c1",
            "f34fd75a-3ec4-4ed7-b722-59e51290c452"
          ],
          "pending": [],
          "skipped": [],
          "duration": 45287,
          "root": false,
          "rootEmpty": false,
          "_timeout": 2000
        }
      ],
      "passes": [],
      "failures": [],
      "pending": [],
      "skipped": [],
      "duration": 0,
      "root": true,
      "rootEmpty": true,
      "_timeout": 2000
    }
  ],
  "meta": {
    "mocha": {
      "version": "7.0.1"
    },
    "mochawesome": {
      "options": {
        "quiet": false,
        "reportFilename": "mochawesome",
        "saveHtml": false,
        "saveJson": true,
        "consoleReporter": "spec",
        "useInlineDiffs": false,
        "code": true
      },
      "version": "6.2.2"
    },
    "marge": {
      "options": {
        "id": "default",
        "reportDir": "cypress/reports/mocha",
        "quite": true,
        "overwrite": false,
        "html": false,
        "json": true
      },
      "version": "5.2.0"
    }
  }
}