{
  "stats": {
    "suites": 1,
    "tests": 3,
    "passes": 3,
    "pending": 0,
    "failures": 0,
    "start": "2022-04-14T08:23:20.185Z",
    "end": "2022-04-14T08:23:51.426Z",
    "duration": 31241,
    "testsRegistered": 3,
    "passPercent": 100,
    "pendingPercent": 0,
    "other": 0,
    "hasOther": false,
    "skipped": 0,
    "hasSkipped": false
  },
  "results": [
    {
      "uuid": "609ca896-37f7-4d10-b5b4-014984391584",
      "title": "",
      "fullFile": "cypress/integration/DeleteTodo.feature",
      "file": "cypress/integration/DeleteTodo.feature",
      "beforeHooks": [],
      "afterHooks": [],
      "tests": [],
      "suites": [
        {
          "uuid": "bdf64bc6-7b3e-4c3a-8a9f-246605b51f67",
          "title": "Verify the Delete functionality on the application",
          "fullFile": "",
          "file": "",
          "beforeHooks": [],
          "afterHooks": [],
          "tests": [
            {
              "title": "Verify Todo item is deleted from the list when Delete button is clicked",
              "fullTitle": "Verify the Delete functionality on the application Verify Todo item is deleted from the list when Delete button is clicked",
              "timedOut": null,
              "duration": 10178,
              "state": "passed",
              "speed": "slow",
              "pass": true,
              "fail": false,
              "pending": false,
              "context": null,
              "code": "const state = window.testState;\nreturn cy\n  .then(() => state.onStartScenario(scenario, indexedSteps))\n  .then(() =>\n    resolveAndRunBeforeHooks.call(this, scenario.tags, state.feature.name)\n  )\n  .then(() =>\n    indexedSteps.forEach((step) =>\n      stepTest.call(this, state, step, rowData)\n    )\n  )\n  .then(() => state.onFinishScenario(scenario));",
              "err": {},
              "uuid": "ba0de716-07f9-4626-89d9-33126ef1b06e",
              "parentUUID": "bdf64bc6-7b3e-4c3a-8a9f-246605b51f67",
              "isHook": false,
              "skipped": false
            },
            {
              "title": "Verify Todo item is removed from the persisted memory after delete action",
              "fullTitle": "Verify the Delete functionality on the application Verify Todo item is removed from the persisted memory after delete action",
              "timedOut": null,
              "duration": 9862,
              "state": "passed",
              "speed": "medium",
              "pass": true,
              "fail": false,
              "pending": false,
              "context": null,
              "code": "const state = window.testState;\nreturn cy\n  .then(() => state.onStartScenario(scenario, indexedSteps))\n  .then(() =>\n    resolveAndRunBeforeHooks.call(this, scenario.tags, state.feature.name)\n  )\n  .then(() =>\n    indexedSteps.forEach((step) =>\n      stepTest.call(this, state, step, rowData)\n    )\n  )\n  .then(() => state.onFinishScenario(scenario));",
              "err": {},
              "uuid": "57150b4c-83ff-4e33-9bba-38269a1cf8c5",
              "parentUUID": "bdf64bc6-7b3e-4c3a-8a9f-246605b51f67",
              "isHook": false,
              "skipped": false
            },
            {
              "title": "Verify Todo item is removed from the persisted memory after delete action",
              "fullTitle": "Verify the Delete functionality on the application Verify Todo item is removed from the persisted memory after delete action",
              "timedOut": null,
              "duration": 9348,
              "state": "passed",
              "speed": "medium",
              "pass": true,
              "fail": false,
              "pending": false,
              "context": null,
              "code": "const state = window.testState;\nreturn cy\n  .then(() => state.onStartScenario(scenario, indexedSteps))\n  .then(() =>\n    resolveAndRunBeforeHooks.call(this, scenario.tags, state.feature.name)\n  )\n  .then(() =>\n    indexedSteps.forEach((step) =>\n      stepTest.call(this, state, step, rowData)\n    )\n  )\n  .then(() => state.onFinishScenario(scenario));",
              "err": {},
              "uuid": "bb48a879-7600-48d3-be7f-478400214593",
              "parentUUID": "bdf64bc6-7b3e-4c3a-8a9f-246605b51f67",
              "isHook": false,
              "skipped": false
            }
          ],
          "suites": [],
          "passes": [
            "ba0de716-07f9-4626-89d9-33126ef1b06e",
            "57150b4c-83ff-4e33-9bba-38269a1cf8c5",
            "bb48a879-7600-48d3-be7f-478400214593"
          ],
          "failures": [],
          "pending": [],
          "skipped": [],
          "duration": 29388,
          "root": false,
          "rootEmpty": false,
          "_timeout": 2000
        }
      ],
      "passes": [],
      "failures": [],
      "pending": [],
      "skipped": [],
      "duration": 0,
      "root": true,
      "rootEmpty": true,
      "_timeout": 2000
    }
  ],
  "meta": {
    "mocha": {
      "version": "7.0.1"
    },
    "mochawesome": {
      "options": {
        "quiet": false,
        "reportFilename": "mochawesome",
        "saveHtml": false,
        "saveJson": true,
        "consoleReporter": "spec",
        "useInlineDiffs": false,
        "code": true
      },
      "version": "6.2.2"
    },
    "marge": {
      "options": {
        "id": "default",
        "reportDir": "cypress/reports/mocha",
        "quite": true,
        "overwrite": false,
        "html": false,
        "json": true
      },
      "version": "5.2.0"
    }
  }
}