{
  "stats": {
    "suites": 1,
    "tests": 9,
    "passes": 5,
    "pending": 0,
    "failures": 4,
    "start": "2022-04-13T20:15:28.836Z",
    "end": "2022-04-13T20:16:03.477Z",
    "duration": 34641,
    "testsRegistered": 9,
    "passPercent": 55.55555555555556,
    "pendingPercent": 0,
    "other": 0,
    "hasOther": false,
    "skipped": 0,
    "hasSkipped": false
  },
  "results": [
    {
      "uuid": "069f09f6-0e76-47d8-a9e7-080898cd7b0c",
      "title": "",
      "fullFile": "cypress/integration/CreateTodo.feature",
      "file": "cypress/integration/CreateTodo.feature",
      "beforeHooks": [],
      "afterHooks": [],
      "tests": [],
      "suites": [
        {
          "uuid": "a59dc2c8-66fd-4ac0-96b1-cedf3c18fc58",
          "title": "Verify the Create Todo functionality",
          "fullFile": "",
          "file": "",
          "beforeHooks": [],
          "afterHooks": [],
          "tests": [
            {
              "title": "Verify user is not allowed to create a Todo when Content field is epmty",
              "fullTitle": "Verify the Create Todo functionality Verify user is not allowed to create a Todo when Content field is epmty",
              "timedOut": null,
              "duration": 1211,
              "state": "passed",
              "speed": "fast",
              "pass": true,
              "fail": false,
              "pending": false,
              "context": null,
              "code": "const state = window.testState;\nreturn cy\n  .then(() => state.onStartScenario(scenario, indexedSteps))\n  .then(() =>\n    resolveAndRunBeforeHooks.call(this, scenario.tags, state.feature.name)\n  )\n  .then(() =>\n    indexedSteps.forEach((step) =>\n      stepTest.call(this, state, step, rowData)\n    )\n  )\n  .then(() => state.onFinishScenario(scenario));",
              "err": {},
              "uuid": "dcbcc19f-d775-4464-a005-56e5a93311ba",
              "parentUUID": "a59dc2c8-66fd-4ac0-96b1-cedf3c18fc58",
              "isHook": false,
              "skipped": false
            },
            {
              "title": "Verify that user is allowed to create a Todo when Content field has a single character",
              "fullTitle": "Verify the Create Todo functionality Verify that user is allowed to create a Todo when Content field has a single character",
              "timedOut": null,
              "duration": 3044,
              "state": "passed",
              "speed": "fast",
              "pass": true,
              "fail": false,
              "pending": false,
              "context": null,
              "code": "const state = window.testState;\nreturn cy\n  .then(() => state.onStartScenario(scenario, indexedSteps))\n  .then(() =>\n    resolveAndRunBeforeHooks.call(this, scenario.tags, state.feature.name)\n  )\n  .then(() =>\n    indexedSteps.forEach((step) =>\n      stepTest.call(this, state, step, rowData)\n    )\n  )\n  .then(() => state.onFinishScenario(scenario));",
              "err": {},
              "uuid": "4393c31f-fff7-496a-8409-206d12c30da0",
              "parentUUID": "a59dc2c8-66fd-4ac0-96b1-cedf3c18fc58",
              "isHook": false,
              "skipped": false
            },
            {
              "title": "Verify that the user is allowed to create a Todo when Content field has a valid value",
              "fullTitle": "Verify the Create Todo functionality Verify that the user is allowed to create a Todo when Content field has a valid value",
              "timedOut": null,
              "duration": 3097,
              "state": "passed",
              "speed": "fast",
              "pass": true,
              "fail": false,
              "pending": false,
              "context": null,
              "code": "const state = window.testState;\nreturn cy\n  .then(() => state.onStartScenario(scenario, indexedSteps))\n  .then(() =>\n    resolveAndRunBeforeHooks.call(this, scenario.tags, state.feature.name)\n  )\n  .then(() =>\n    indexedSteps.forEach((step) =>\n      stepTest.call(this, state, step, rowData)\n    )\n  )\n  .then(() => state.onFinishScenario(scenario));",
              "err": {},
              "uuid": "790cde26-ec5a-4622-9b77-20bc04f2291e",
              "parentUUID": "a59dc2c8-66fd-4ac0-96b1-cedf3c18fc58",
              "isHook": false,
              "skipped": false
            },
            {
              "title": "Verify that the user is allowed to create a Todo when Content field has 100 character",
              "fullTitle": "Verify the Create Todo functionality Verify that the user is allowed to create a Todo when Content field has 100 character",
              "timedOut": null,
              "duration": 4576,
              "state": "passed",
              "speed": "fast",
              "pass": true,
              "fail": false,
              "pending": false,
              "context": null,
              "code": "const state = window.testState;\nreturn cy\n  .then(() => state.onStartScenario(scenario, indexedSteps))\n  .then(() =>\n    resolveAndRunBeforeHooks.call(this, scenario.tags, state.feature.name)\n  )\n  .then(() =>\n    indexedSteps.forEach((step) =>\n      stepTest.call(this, state, step, rowData)\n    )\n  )\n  .then(() => state.onFinishScenario(scenario));",
              "err": {},
              "uuid": "b289d2a4-ce03-485a-9efd-f9e841248eba",
              "parentUUID": "a59dc2c8-66fd-4ac0-96b1-cedf3c18fc58",
              "isHook": false,
              "skipped": false
            },
            {
              "title": "Verify that the user is not allowed to create a Todo when Content field has more than 100 character",
              "fullTitle": "Verify the Create Todo functionality Verify that the user is not allowed to create a Todo when Content field has more than 100 character",
              "timedOut": null,
              "duration": 8465,
              "state": "failed",
              "speed": null,
              "pass": false,
              "fail": true,
              "pending": false,
              "context": null,
              "code": "const state = window.testState;\nreturn cy\n  .then(() => state.onStartScenario(scenario, indexedSteps))\n  .then(() =>\n    resolveAndRunBeforeHooks.call(this, scenario.tags, state.feature.name)\n  )\n  .then(() =>\n    indexedSteps.forEach((step) =>\n      stepTest.call(this, state, step, rowData)\n    )\n  )\n  .then(() => state.onFinishScenario(scenario));",
              "err": {
                "message": "AssertionError: Timed out retrying after 4000ms: expected '<tbody>' to have text '', but the text was ' Todo_Item_11234567890!@£$%^&*()_+p~12[]:; 0<>,./Aqwertyuioplk1234567890!@£$%^&*()_+ ~12[]:;k,<>,./Aoinbg  Apr 13, 2022  Jul 11, 2022  more_vert'",
                "estack": "AssertionError: Timed out retrying after 4000ms: expected '<tbody>' to have text '', but the text was ' Todo_Item_11234567890!@£$%^&*()_+p~12[]:; 0<>,./Aqwertyuioplk1234567890!@£$%^&*()_+ ~12[]:;k,<>,./Aoinbg  Apr 13, 2022  Jul 11, 2022  more_vert'\n    at Context.eval (http://nbs-todolist-interview-389909.s3-website.eu-west-2.amazonaws.com/__cypress/tests?p=cypress/integration/CreateTodo.feature:73:76)\n    at Context.resolveAndRunStepDefinition (http://nbs-todolist-interview-389909.s3-website.eu-west-2.amazonaws.com/__cypress/tests?p=cypress/integration/CreateTodo.feature:10791:29)\n    at Context.eval (http://nbs-todolist-interview-389909.s3-website.eu-west-2.amazonaws.com/__cypress/tests?p=cypress/integration/CreateTodo.feature:10112:35)",
                "diff": "- ' Todo_Item_11234567890!@£$%^&*()_+p~12[]:; 0<>,./Aqwertyuioplk1234567890!@£$%^&*()_+ ~12[]:;k,<>,./Aoinbg  Apr 13, 2022  Jul 11, 2022  more_vert'\n"
              },
              "uuid": "b500c14a-36ae-4a6b-a045-d2534f29e7c7",
              "parentUUID": "a59dc2c8-66fd-4ac0-96b1-cedf3c18fc58",
              "isHook": false,
              "skipped": false
            },
            {
              "title": "Verify user is not allowed to create a Todo when Date field is epmty",
              "fullTitle": "Verify the Create Todo functionality Verify user is not allowed to create a Todo when Date field is epmty",
              "timedOut": null,
              "duration": 6920,
              "state": "failed",
              "speed": null,
              "pass": false,
              "fail": true,
              "pending": false,
              "context": null,
              "code": "const state = window.testState;\nreturn cy\n  .then(() => state.onStartScenario(scenario, indexedSteps))\n  .then(() =>\n    resolveAndRunBeforeHooks.call(this, scenario.tags, state.feature.name)\n  )\n  .then(() =>\n    indexedSteps.forEach((step) =>\n      stepTest.call(this, state, step, rowData)\n    )\n  )\n  .then(() => state.onFinishScenario(scenario));",
              "err": {
                "message": "AssertionError: Timed out retrying after 4000ms: expected '<tbody>' to have text '', but the text was ' Todo_Item_1  Apr 13, 2022  Apr 13, 2022  more_vert'",
                "estack": "AssertionError: Timed out retrying after 4000ms: expected '<tbody>' to have text '', but the text was ' Todo_Item_1  Apr 13, 2022  Apr 13, 2022  more_vert'\n    at Context.eval (http://nbs-todolist-interview-389909.s3-website.eu-west-2.amazonaws.com/__cypress/tests?p=cypress/integration/CreateTodo.feature:73:76)\n    at Context.resolveAndRunStepDefinition (http://nbs-todolist-interview-389909.s3-website.eu-west-2.amazonaws.com/__cypress/tests?p=cypress/integration/CreateTodo.feature:10791:29)\n    at Context.eval (http://nbs-todolist-interview-389909.s3-website.eu-west-2.amazonaws.com/__cypress/tests?p=cypress/integration/CreateTodo.feature:10112:35)",
                "diff": "- ' Todo_Item_1  Apr 13, 2022  Apr 13, 2022  more_vert'\n"
              },
              "uuid": "e7f93754-d630-45e3-a419-6ae19a878341",
              "parentUUID": "a59dc2c8-66fd-4ac0-96b1-cedf3c18fc58",
              "isHook": false,
              "skipped": false
            },
            {
              "title": "Verify user is not allowed to create a Todo with Past date",
              "fullTitle": "Verify the Create Todo functionality Verify user is not allowed to create a Todo with Past date",
              "timedOut": null,
              "duration": 782,
              "state": "failed",
              "speed": null,
              "pass": false,
              "fail": true,
              "pending": false,
              "context": null,
              "code": "const state = window.testState;\nreturn cy\n  .then(() => state.onStartScenario(scenario, indexedSteps))\n  .then(() =>\n    resolveAndRunBeforeHooks.call(this, scenario.tags, state.feature.name)\n  )\n  .then(() =>\n    indexedSteps.forEach((step) =>\n      stepTest.call(this, state, step, rowData)\n    )\n  )\n  .then(() => state.onFinishScenario(scenario));",
              "err": {
                "message": "ReferenceError: pastDate is not defined",
                "estack": "ReferenceError: pastDate is not defined\n    at TodoPage.enterDateValue (http://nbs-todolist-interview-389909.s3-website.eu-west-2.amazonaws.com/__cypress/tests?p=cypress/integration/CreateTodo.feature:265:27)\n    at Context.eval (http://nbs-todolist-interview-389909.s3-website.eu-west-2.amazonaws.com/__cypress/tests?p=cypress/integration/CreateTodo.feature:51:12)\n    at Context.resolveAndRunStepDefinition (http://nbs-todolist-interview-389909.s3-website.eu-west-2.amazonaws.com/__cypress/tests?p=cypress/integration/CreateTodo.feature:10791:29)\n    at Context.eval (http://nbs-todolist-interview-389909.s3-website.eu-west-2.amazonaws.com/__cypress/tests?p=cypress/integration/CreateTodo.feature:10112:35)",
                "diff": null
              },
              "uuid": "09c3af22-ddd8-4fbd-b15a-0b4e966a0a94",
              "parentUUID": "a59dc2c8-66fd-4ac0-96b1-cedf3c18fc58",
              "isHook": false,
              "skipped": false
            },
            {
              "title": "Verify user is  allowed to create a Todo with future date",
              "fullTitle": "Verify the Create Todo functionality Verify user is  allowed to create a Todo with future date",
              "timedOut": null,
              "duration": 709,
              "state": "failed",
              "speed": null,
              "pass": false,
              "fail": true,
              "pending": false,
              "context": null,
              "code": "const state = window.testState;\nreturn cy\n  .then(() => state.onStartScenario(scenario, indexedSteps))\n  .then(() =>\n    resolveAndRunBeforeHooks.call(this, scenario.tags, state.feature.name)\n  )\n  .then(() =>\n    indexedSteps.forEach((step) =>\n      stepTest.call(this, state, step, rowData)\n    )\n  )\n  .then(() => state.onFinishScenario(scenario));",
              "err": {
                "message": "ReferenceError: futureDate is not defined",
                "estack": "ReferenceError: futureDate is not defined\n    at TodoPage.enterDateValue (http://nbs-todolist-interview-389909.s3-website.eu-west-2.amazonaws.com/__cypress/tests?p=cypress/integration/CreateTodo.feature:267:27)\n    at Context.eval (http://nbs-todolist-interview-389909.s3-website.eu-west-2.amazonaws.com/__cypress/tests?p=cypress/integration/CreateTodo.feature:51:12)\n    at Context.resolveAndRunStepDefinition (http://nbs-todolist-interview-389909.s3-website.eu-west-2.amazonaws.com/__cypress/tests?p=cypress/integration/CreateTodo.feature:10791:29)\n    at Context.eval (http://nbs-todolist-interview-389909.s3-website.eu-west-2.amazonaws.com/__cypress/tests?p=cypress/integration/CreateTodo.feature:10112:35)",
                "diff": null
              },
              "uuid": "e46b545e-d306-45b0-8813-d77f3117ee86",
              "parentUUID": "a59dc2c8-66fd-4ac0-96b1-cedf3c18fc58",
              "isHook": false,
              "skipped": false
            },
            {
              "title": "Verify user is not allowed to create a Todo with inavlid date value",
              "fullTitle": "Verify the Create Todo functionality Verify user is not allowed to create a Todo with inavlid date value",
              "timedOut": null,
              "duration": 3087,
              "state": "passed",
              "speed": "fast",
              "pass": true,
              "fail": false,
              "pending": false,
              "context": null,
              "code": "const state = window.testState;\nreturn cy\n  .then(() => state.onStartScenario(scenario, indexedSteps))\n  .then(() =>\n    resolveAndRunBeforeHooks.call(this, scenario.tags, state.feature.name)\n  )\n  .then(() =>\n    indexedSteps.forEach((step) =>\n      stepTest.call(this, state, step, rowData)\n    )\n  )\n  .then(() => state.onFinishScenario(scenario));",
              "err": {},
              "uuid": "b866d00c-21ab-4b9b-a0c0-b322afd49523",
              "parentUUID": "a59dc2c8-66fd-4ac0-96b1-cedf3c18fc58",
              "isHook": false,
              "skipped": false
            }
          ],
          "suites": [],
          "passes": [
            "dcbcc19f-d775-4464-a005-56e5a93311ba",
            "4393c31f-fff7-496a-8409-206d12c30da0",
            "790cde26-ec5a-4622-9b77-20bc04f2291e",
            "b289d2a4-ce03-485a-9efd-f9e841248eba",
            "b866d00c-21ab-4b9b-a0c0-b322afd49523"
          ],
          "failures": [
            "b500c14a-36ae-4a6b-a045-d2534f29e7c7",
            "e7f93754-d630-45e3-a419-6ae19a878341",
            "09c3af22-ddd8-4fbd-b15a-0b4e966a0a94",
            "e46b545e-d306-45b0-8813-d77f3117ee86"
          ],
          "pending": [],
          "skipped": [],
          "duration": 31891,
          "root": false,
          "rootEmpty": false,
          "_timeout": 2000
        }
      ],
      "passes": [],
      "failures": [],
      "pending": [],
      "skipped": [],
      "duration": 0,
      "root": true,
      "rootEmpty": true,
      "_timeout": 2000
    }
  ],
  "meta": {
    "mocha": {
      "version": "7.0.1"
    },
    "mochawesome": {
      "options": {
        "quiet": false,
        "reportFilename": "mochawesome",
        "saveHtml": false,
        "saveJson": true,
        "consoleReporter": "spec",
        "useInlineDiffs": false,
        "code": true
      },
      "version": "6.2.2"
    },
    "marge": {
      "options": {
        "id": "default",
        "reportDir": "cypress/reports/mocha",
        "quite": true,
        "overwrite": false,
        "html": false,
        "json": true
      },
      "version": "5.2.0"
    }
  }
}