{
  "stats": {
    "suites": 1,
    "tests": 2,
    "passes": 2,
    "pending": 0,
    "failures": 0,
    "start": "2022-04-13T20:16:59.594Z",
    "end": "2022-04-13T20:17:21.505Z",
    "duration": 21911,
    "testsRegistered": 2,
    "passPercent": 100,
    "pendingPercent": 0,
    "other": 0,
    "hasOther": false,
    "skipped": 0,
    "hasSkipped": false
  },
  "results": [
    {
      "uuid": "bf1b46da-b269-4bab-ad26-7ff9b6221481",
      "title": "",
      "fullFile": "cypress/integration/TodoListScenarios.feature",
      "file": "cypress/integration/TodoListScenarios.feature",
      "beforeHooks": [],
      "afterHooks": [],
      "tests": [],
      "suites": [
        {
          "uuid": "9c5dda9a-e420-4872-9c88-4bcca9147fcc",
          "title": "Verify the Todo List functionality on the application",
          "fullFile": "",
          "file": "",
          "beforeHooks": [],
          "afterHooks": [],
          "tests": [
            {
              "title": "Verify list of Todos is ordered by Due date ascending",
              "fullTitle": "Verify the Todo List functionality on the application Verify list of Todos is ordered by Due date ascending",
              "timedOut": null,
              "duration": 10655,
              "state": "passed",
              "speed": "slow",
              "pass": true,
              "fail": false,
              "pending": false,
              "context": null,
              "code": "const state = window.testState;\nreturn cy\n  .then(() => state.onStartScenario(scenario, indexedSteps))\n  .then(() =>\n    resolveAndRunBeforeHooks.call(this, scenario.tags, state.feature.name)\n  )\n  .then(() =>\n    indexedSteps.forEach((step) =>\n      stepTest.call(this, state, step, rowData)\n    )\n  )\n  .then(() => state.onFinishScenario(scenario));",
              "err": {},
              "uuid": "09135eed-ccbc-4f38-9f71-f32db118e722",
              "parentUUID": "9c5dda9a-e420-4872-9c88-4bcca9147fcc",
              "isHook": false,
              "skipped": false
            },
            {
              "title": "Verify list of Todos is ordered alphabetically by content values when Due dates are same",
              "fullTitle": "Verify the Todo List functionality on the application Verify list of Todos is ordered alphabetically by content values when Due dates are same",
              "timedOut": null,
              "duration": 9005,
              "state": "passed",
              "speed": "medium",
              "pass": true,
              "fail": false,
              "pending": false,
              "context": null,
              "code": "const state = window.testState;\nreturn cy\n  .then(() => state.onStartScenario(scenario, indexedSteps))\n  .then(() =>\n    resolveAndRunBeforeHooks.call(this, scenario.tags, state.feature.name)\n  )\n  .then(() =>\n    indexedSteps.forEach((step) =>\n      stepTest.call(this, state, step, rowData)\n    )\n  )\n  .then(() => state.onFinishScenario(scenario));",
              "err": {},
              "uuid": "f418e77c-826c-4432-b1d5-4efaf1856e20",
              "parentUUID": "9c5dda9a-e420-4872-9c88-4bcca9147fcc",
              "isHook": false,
              "skipped": false
            }
          ],
          "suites": [],
          "passes": [
            "09135eed-ccbc-4f38-9f71-f32db118e722",
            "f418e77c-826c-4432-b1d5-4efaf1856e20"
          ],
          "failures": [],
          "pending": [],
          "skipped": [],
          "duration": 19660,
          "root": false,
          "rootEmpty": false,
          "_timeout": 2000
        }
      ],
      "passes": [],
      "failures": [],
      "pending": [],
      "skipped": [],
      "duration": 0,
      "root": true,
      "rootEmpty": true,
      "_timeout": 2000
    }
  ],
  "meta": {
    "mocha": {
      "version": "7.0.1"
    },
    "mochawesome": {
      "options": {
        "quiet": false,
        "reportFilename": "mochawesome",
        "saveHtml": false,
        "saveJson": true,
        "consoleReporter": "spec",
        "useInlineDiffs": false,
        "code": true
      },
      "version": "6.2.2"
    },
    "marge": {
      "options": {
        "id": "default",
        "reportDir": "cypress/reports/mocha",
        "quite": true,
        "overwrite": false,
        "html": false,
        "json": true
      },
      "version": "5.2.0"
    }
  }
}